<?xml version="1.0" encoding="UTF-8" ?>
<testsuites>
  <testsuite errors="0" failures="0" hostname="frehage-Mac" id="0" name="PigLatinTest" package="" skipped="0" tests="2" time="0.061" timestamp="2017-02-28T15:46:36">
      <properties>
[...]
</properties>

      <testcase classname="PigLatinTest" name="testTranslateWord" time="0.003" />

      <testcase classname="PigLatinTest" name="testTranslateSentence" time="0.002" />

      <system-out><![CDATA[]]></system-out>

      <system-err><![CDATA[]]></system-err>

  </testsuite>
</testsuites>
